<?xml version="1.0" encoding="UTF-8"?>
<robot generator="Robot 6.1.1 (Python 3.12.0 on win32)" generated="20240227 14:24:39.183" rpa="false" schemaversion="4">
<suite id="s1" name="Grouplink Login" source="c:\Sprint-Dashboard-V3\Login\grouplink_login.robot">
<test id="s1-t1" name="Cenário 1: Validar campo Email" line="9">
<kw name="Abrir o navegador" library="grouplink_login_resources" type="SETUP">
<kw name="Open Browser" library="SeleniumLibrary">
<arg>browser=${BROWSER}</arg>
<doc>Opens a new browser instance to the optional ``url``.</doc>
<msg timestamp="20240227 14:24:39.778" level="INFO">Opening browser 'chrome' to base url 'None'.</msg>
<status status="PASS" starttime="20240227 14:24:39.778" endtime="20240227 14:24:42.397"/>
</kw>
<kw name="Maximize Browser Window" library="SeleniumLibrary">
<doc>Maximizes current browser window.</doc>
<status status="PASS" starttime="20240227 14:24:42.406" endtime="20240227 14:24:42.529"/>
</kw>
<status status="PASS" starttime="20240227 14:24:39.763" endtime="20240227 14:24:42.529"/>
</kw>
<kw name="Dado que estou na tela de Login" library="grouplink_login_resources">
<kw name="Go To" library="SeleniumLibrary">
<arg>url=${URL}</arg>
<doc>Navigates the current browser window to the provided ``url``.</doc>
<msg timestamp="20240227 14:24:42.529" level="INFO">Opening url 'https://dashboard-v3-s.grouplinknetwork.com/'</msg>
<status status="PASS" starttime="20240227 14:24:42.529" endtime="20240227 14:24:45.032"/>
</kw>
<status status="PASS" starttime="20240227 14:24:42.529" endtime="20240227 14:24:45.033"/>
</kw>
<kw name="Quando digito um email válido" library="grouplink_login_resources">
<kw name="Input Text" library="SeleniumLibrary">
<arg>locator=//input[@name='email']</arg>
<arg>text=qa.energy@grouplinknetwork.com</arg>
<doc>Types the given ``text`` into the text field identified by ``locator``.</doc>
<msg timestamp="20240227 14:24:45.034" level="INFO">Typing text 'qa.energy@grouplinknetwork.com' into text field '//input[@name='email']'.</msg>
<status status="PASS" starttime="20240227 14:24:45.033" endtime="20240227 14:24:45.214"/>
</kw>
<status status="PASS" starttime="20240227 14:24:45.033" endtime="20240227 14:24:45.215"/>
</kw>
<kw name="Então permaneço no campo Email" library="grouplink_login_resources">
<kw name="Page Should Contain" library="SeleniumLibrary">
<arg>text=E-mail</arg>
<doc>Verifies that current page contains ``text``.</doc>
<msg timestamp="20240227 14:24:45.227" level="INFO">Current page contains text 'E-mail'.</msg>
<status status="PASS" starttime="20240227 14:24:45.215" endtime="20240227 14:24:45.227"/>
</kw>
<status status="PASS" starttime="20240227 14:24:45.215" endtime="20240227 14:24:45.227"/>
</kw>
<kw name="Fechar o navegador" library="grouplink_login_resources" type="TEARDOWN">
<kw name="Capture Page Screenshot" library="SeleniumLibrary">
<doc>Takes a screenshot of the current page and embeds it into a log file.</doc>
<msg timestamp="20240227 14:24:45.358" level="INFO" html="true">&lt;/td&gt;&lt;/tr&gt;&lt;tr&gt;&lt;td colspan="3"&gt;&lt;a href="selenium-screenshot-7.png"&gt;&lt;img src="selenium-screenshot-7.png" width="800px"&gt;&lt;/a&gt;</msg>
<status status="PASS" starttime="20240227 14:24:45.227" endtime="20240227 14:24:45.358"/>
</kw>
<kw name="Close Browser" library="SeleniumLibrary">
<doc>Closes the current browser.</doc>
<status status="PASS" starttime="20240227 14:24:45.358" endtime="20240227 14:24:47.476"/>
</kw>
<status status="PASS" starttime="20240227 14:24:45.227" endtime="20240227 14:24:47.476"/>
</kw>
<status status="PASS" starttime="20240227 14:24:39.763" endtime="20240227 14:24:47.476"/>
</test>
<doc>Essa suite testa o login da dashboard V3.0.0</doc>
<status status="PASS" starttime="20240227 14:24:39.183" endtime="20240227 14:24:47.476"/>
</suite>
<statistics>
<total>
<stat pass="1" fail="0" skip="0">All Tests</stat>
</total>
<tag>
</tag>
<suite>
<stat pass="1" fail="0" skip="0" id="s1" name="Grouplink Login">Grouplink Login</stat>
</suite>
</statistics>
<errors>
</errors>
</robot>
